\BOOKMARK [0][-]{chapter.1}{\376\377\0001\000\040\000D\000i\000r\000e\000c\000t\000o\000r\000y\000\040\000H\000i\000e\000r\000a\000r\000c\000h\000y}{}% 1
\BOOKMARK [1][-]{section.1.1}{\376\377\0001\000.\0001\000\040\000D\000i\000r\000e\000c\000t\000o\000r\000i\000e\000s}{chapter.1}% 2
\BOOKMARK [0][-]{chapter.2}{\376\377\0002\000\040\000F\000i\000l\000e\000\040\000I\000n\000d\000e\000x}{}% 3
\BOOKMARK [1][-]{section.2.1}{\376\377\0002\000.\0001\000\040\000F\000i\000l\000e\000\040\000L\000i\000s\000t}{chapter.2}% 4
\BOOKMARK [0][-]{chapter.3}{\376\377\0003\000\040\000D\000i\000r\000e\000c\000t\000o\000r\000y\000\040\000D\000o\000c\000u\000m\000e\000n\000t\000a\000t\000i\000o\000n}{}% 5
\BOOKMARK [1][-]{section.3.1}{\376\377\0003\000.\0001\000\040\000C\000o\000r\000e\000\040\000D\000i\000r\000e\000c\000t\000o\000r\000y\000\040\000R\000e\000f\000e\000r\000e\000n\000c\000e}{chapter.3}% 6
\BOOKMARK [1][-]{section.3.2}{\376\377\0003\000.\0002\000\040\000C\000o\000r\000e\000/\000I\000n\000c\000/\000g\000r\000a\000p\000h\000i\000c\000s\000\040\000D\000i\000r\000e\000c\000t\000o\000r\000y\000\040\000R\000e\000f\000e\000r\000e\000n\000c\000e}{chapter.3}% 7
\BOOKMARK [1][-]{section.3.3}{\376\377\0003\000.\0003\000\040\000C\000o\000r\000e\000/\000I\000n\000c\000\040\000D\000i\000r\000e\000c\000t\000o\000r\000y\000\040\000R\000e\000f\000e\000r\000e\000n\000c\000e}{chapter.3}% 8
\BOOKMARK [0][-]{chapter.4}{\376\377\0004\000\040\000F\000i\000l\000e\000\040\000D\000o\000c\000u\000m\000e\000n\000t\000a\000t\000i\000o\000n}{}% 9
\BOOKMARK [1][-]{section.4.1}{\376\377\0004\000.\0001\000\040\000C\000o\000r\000e\000/\000I\000n\000c\000/\000g\000r\000a\000p\000h\000i\000c\000s\000/\000A\000d\000a\000f\000r\000u\000i\000t\000\137\000S\000T\0007\0007\0003\0005\000\137\000A\000P\000I\000.\000h\000\040\000F\000i\000l\000e\000\040\000R\000e\000f\000e\000r\000e\000n\000c\000e}{chapter.4}% 10
\BOOKMARK [2][-]{subsection.4.1.1}{\376\377\0004\000.\0001\000.\0001\000\040\000T\000y\000p\000e\000d\000e\000f\000\040\000D\000o\000c\000u\000m\000e\000n\000t\000a\000t\000i\000o\000n}{section.4.1}% 11
\BOOKMARK [3][-]{subsubsection.4.1.1.1}{\376\377\0004\000.\0001\000.\0001\000.\0001\000\040\000S\000T\0007\0007\0003\0005\000\137\000H\000a\000n\000d\000l\000e}{subsection.4.1.1}% 12
\BOOKMARK [2][-]{subsection.4.1.2}{\376\377\0004\000.\0001\000.\0002\000\040\000F\000u\000n\000c\000t\000i\000o\000n\000\040\000D\000o\000c\000u\000m\000e\000n\000t\000a\000t\000i\000o\000n}{section.4.1}% 13
\BOOKMARK [3][-]{subsubsection.4.1.2.1}{\376\377\0004\000.\0001\000.\0002\000.\0001\000\040\000D\000i\000s\000p\000l\000a\000y\000\137\000c\000o\000l\000o\000r\0005\0006\0005\000\050\000\051}{subsection.4.1.2}% 14
\BOOKMARK [3][-]{subsubsection.4.1.2.2}{\376\377\0004\000.\0001\000.\0002\000.\0002\000\040\000D\000i\000s\000p\000l\000a\000y\000\137\000c\000p\0004\0003\0007\000\050\000\051}{subsection.4.1.2}% 15
\BOOKMARK [3][-]{subsubsection.4.1.2.3}{\376\377\0004\000.\0001\000.\0002\000.\0003\000\040\000D\000i\000s\000p\000l\000a\000y\000\137\000c\000r\000e\000a\000t\000e\000\050\000\051}{subsection.4.1.2}% 16
\BOOKMARK [3][-]{subsubsection.4.1.2.4}{\376\377\0004\000.\0001\000.\0002\000.\0004\000\040\000D\000i\000s\000p\000l\000a\000y\000\137\000d\000r\000a\000w\000B\000i\000t\000m\000a\000p\000\050\000\051}{subsection.4.1.2}% 17
\BOOKMARK [3][-]{subsubsection.4.1.2.5}{\376\377\0004\000.\0001\000.\0002\000.\0005\000\040\000D\000i\000s\000p\000l\000a\000y\000\137\000d\000r\000a\000w\000B\000i\000t\000m\000a\000p\000B\000g\000\050\000\051}{subsection.4.1.2}% 18
\BOOKMARK [3][-]{subsubsection.4.1.2.6}{\376\377\0004\000.\0001\000.\0002\000.\0006\000\040\000D\000i\000s\000p\000l\000a\000y\000\137\000d\000r\000a\000w\000C\000h\000a\000r\000\050\000\051}{subsection.4.1.2}% 19
\BOOKMARK [3][-]{subsubsection.4.1.2.7}{\376\377\0004\000.\0001\000.\0002\000.\0007\000\040\000D\000i\000s\000p\000l\000a\000y\000\137\000d\000r\000a\000w\000C\000i\000r\000c\000l\000e\000\050\000\051}{subsection.4.1.2}% 20
\BOOKMARK [3][-]{subsubsection.4.1.2.8}{\376\377\0004\000.\0001\000.\0002\000.\0008\000\040\000D\000i\000s\000p\000l\000a\000y\000\137\000d\000r\000a\000w\000C\000i\000r\000c\000l\000e\000H\000e\000l\000p\000e\000r\000\050\000\051}{subsection.4.1.2}% 21
\BOOKMARK [3][-]{subsubsection.4.1.2.9}{\376\377\0004\000.\0001\000.\0002\000.\0009\000\040\000D\000i\000s\000p\000l\000a\000y\000\137\000d\000r\000a\000w\000E\000l\000l\000i\000p\000s\000e\000\050\000\051}{subsection.4.1.2}% 22
\BOOKMARK [3][-]{subsubsection.4.1.2.10}{\376\377\0004\000.\0001\000.\0002\000.\0001\0000\000\040\000D\000i\000s\000p\000l\000a\000y\000\137\000d\000r\000a\000w\000F\000a\000s\000t\000H\000L\000i\000n\000e\000\050\000\051}{subsection.4.1.2}% 23
\BOOKMARK [3][-]{subsubsection.4.1.2.11}{\376\377\0004\000.\0001\000.\0002\000.\0001\0001\000\040\000D\000i\000s\000p\000l\000a\000y\000\137\000d\000r\000a\000w\000F\000a\000s\000t\000V\000L\000i\000n\000e\000\050\000\051}{subsection.4.1.2}% 24
\BOOKMARK [3][-]{subsubsection.4.1.2.12}{\376\377\0004\000.\0001\000.\0002\000.\0001\0002\000\040\000D\000i\000s\000p\000l\000a\000y\000\137\000d\000r\000a\000w\000G\000r\000a\000y\000s\000c\000a\000l\000e\000B\000i\000t\000m\000a\000p\000\050\000\051}{subsection.4.1.2}% 25
\BOOKMARK [3][-]{subsubsection.4.1.2.13}{\376\377\0004\000.\0001\000.\0002\000.\0001\0003\000\040\000D\000i\000s\000p\000l\000a\000y\000\137\000d\000r\000a\000w\000G\000r\000a\000y\000s\000c\000a\000l\000e\000B\000i\000t\000m\000a\000p\000M\000a\000s\000k\000\050\000\051}{subsection.4.1.2}% 26
\BOOKMARK [3][-]{subsubsection.4.1.2.14}{\376\377\0004\000.\0001\000.\0002\000.\0001\0004\000\040\000D\000i\000s\000p\000l\000a\000y\000\137\000d\000r\000a\000w\000L\000i\000n\000e\000\050\000\051}{subsection.4.1.2}% 27
\BOOKMARK [3][-]{subsubsection.4.1.2.15}{\376\377\0004\000.\0001\000.\0002\000.\0001\0005\000\040\000D\000i\000s\000p\000l\000a\000y\000\137\000d\000r\000a\000w\000P\000i\000x\000e\000l\000\050\000\051}{subsection.4.1.2}% 28
\BOOKMARK [3][-]{subsubsection.4.1.2.16}{\376\377\0004\000.\0001\000.\0002\000.\0001\0006\000\040\000D\000i\000s\000p\000l\000a\000y\000\137\000d\000r\000a\000w\000R\000e\000c\000t\000\050\000\051}{subsection.4.1.2}% 29
\BOOKMARK [3][-]{subsubsection.4.1.2.17}{\376\377\0004\000.\0001\000.\0002\000.\0001\0007\000\040\000D\000i\000s\000p\000l\000a\000y\000\137\000d\000r\000a\000w\000R\000G\000B\000B\000i\000t\000m\000a\000p\000\050\000\051}{subsection.4.1.2}% 30
\BOOKMARK [3][-]{subsubsection.4.1.2.18}{\376\377\0004\000.\0001\000.\0002\000.\0001\0008\000\040\000D\000i\000s\000p\000l\000a\000y\000\137\000d\000r\000a\000w\000R\000G\000B\000B\000i\000t\000m\000a\000p\000M\000a\000s\000k\000\050\000\051}{subsection.4.1.2}% 31
\BOOKMARK [3][-]{subsubsection.4.1.2.19}{\376\377\0004\000.\0001\000.\0002\000.\0001\0009\000\040\000D\000i\000s\000p\000l\000a\000y\000\137\000d\000r\000a\000w\000R\000o\000u\000n\000d\000R\000e\000c\000t\000\050\000\051}{subsection.4.1.2}% 32
\BOOKMARK [3][-]{subsubsection.4.1.2.20}{\376\377\0004\000.\0001\000.\0002\000.\0002\0000\000\040\000D\000i\000s\000p\000l\000a\000y\000\137\000d\000r\000a\000w\000T\000r\000i\000a\000n\000g\000l\000e\000\050\000\051}{subsection.4.1.2}% 33
\BOOKMARK [3][-]{subsubsection.4.1.2.21}{\376\377\0004\000.\0001\000.\0002\000.\0002\0001\000\040\000D\000i\000s\000p\000l\000a\000y\000\137\000d\000r\000a\000w\000X\000B\000i\000t\000m\000a\000p\000\050\000\051}{subsection.4.1.2}% 34
\BOOKMARK [3][-]{subsubsection.4.1.2.22}{\376\377\0004\000.\0001\000.\0002\000.\0002\0002\000\040\000D\000i\000s\000p\000l\000a\000y\000\137\000d\000r\000a\000w\000X\000B\000i\000t\000m\000a\000p\000B\000g\000\050\000\051}{subsection.4.1.2}% 35
\BOOKMARK [3][-]{subsubsection.4.1.2.23}{\376\377\0004\000.\0001\000.\0002\000.\0002\0003\000\040\000D\000i\000s\000p\000l\000a\000y\000\137\000e\000n\000a\000b\000l\000e\000D\000i\000s\000p\000l\000a\000y\000\050\000\051}{subsection.4.1.2}% 36
\BOOKMARK [3][-]{subsubsection.4.1.2.24}{\376\377\0004\000.\0001\000.\0002\000.\0002\0004\000\040\000D\000i\000s\000p\000l\000a\000y\000\137\000e\000n\000a\000b\000l\000e\000S\000l\000e\000e\000p\000\050\000\051}{subsection.4.1.2}% 37
\BOOKMARK [3][-]{subsubsection.4.1.2.25}{\376\377\0004\000.\0001\000.\0002\000.\0002\0005\000\040\000D\000i\000s\000p\000l\000a\000y\000\137\000e\000n\000a\000b\000l\000e\000T\000e\000a\000r\000i\000n\000g\000\050\000\051}{subsection.4.1.2}% 38
\BOOKMARK [3][-]{subsubsection.4.1.2.26}{\376\377\0004\000.\0001\000.\0002\000.\0002\0006\000\040\000D\000i\000s\000p\000l\000a\000y\000\137\000f\000i\000l\000l\000C\000i\000r\000c\000l\000e\000\050\000\051}{subsection.4.1.2}% 39
\BOOKMARK [3][-]{subsubsection.4.1.2.27}{\376\377\0004\000.\0001\000.\0002\000.\0002\0007\000\040\000D\000i\000s\000p\000l\000a\000y\000\137\000f\000i\000l\000l\000C\000i\000r\000c\000l\000e\000H\000e\000l\000p\000e\000r\000\050\000\051}{subsection.4.1.2}% 40
\BOOKMARK [3][-]{subsubsection.4.1.2.28}{\376\377\0004\000.\0001\000.\0002\000.\0002\0008\000\040\000D\000i\000s\000p\000l\000a\000y\000\137\000f\000i\000l\000l\000E\000l\000l\000i\000p\000s\000e\000\050\000\051}{subsection.4.1.2}% 41
\BOOKMARK [3][-]{subsubsection.4.1.2.29}{\376\377\0004\000.\0001\000.\0002\000.\0002\0009\000\040\000D\000i\000s\000p\000l\000a\000y\000\137\000f\000i\000l\000l\000R\000e\000c\000t\000\050\000\051}{subsection.4.1.2}% 42
\BOOKMARK [3][-]{subsubsection.4.1.2.30}{\376\377\0004\000.\0001\000.\0002\000.\0003\0000\000\040\000D\000i\000s\000p\000l\000a\000y\000\137\000f\000i\000l\000l\000R\000o\000u\000n\000d\000R\000e\000c\000t\000\050\000\051}{subsection.4.1.2}% 43
\BOOKMARK [3][-]{subsubsection.4.1.2.31}{\376\377\0004\000.\0001\000.\0002\000.\0003\0001\000\040\000D\000i\000s\000p\000l\000a\000y\000\137\000f\000i\000l\000l\000S\000c\000r\000e\000e\000n\000\050\000\051}{subsection.4.1.2}% 44
\BOOKMARK [3][-]{subsubsection.4.1.2.32}{\376\377\0004\000.\0001\000.\0002\000.\0003\0002\000\040\000D\000i\000s\000p\000l\000a\000y\000\137\000f\000i\000l\000l\000T\000r\000i\000a\000n\000g\000l\000e\000\050\000\051}{subsection.4.1.2}% 45
\BOOKMARK [3][-]{subsubsection.4.1.2.33}{\376\377\0004\000.\0001\000.\0002\000.\0003\0003\000\040\000D\000i\000s\000p\000l\000a\000y\000\137\000g\000e\000t\000C\000u\000r\000s\000o\000r\000X\000\050\000\051}{subsection.4.1.2}% 46
\BOOKMARK [3][-]{subsubsection.4.1.2.34}{\376\377\0004\000.\0001\000.\0002\000.\0003\0004\000\040\000D\000i\000s\000p\000l\000a\000y\000\137\000g\000e\000t\000C\000u\000r\000s\000o\000r\000Y\000\050\000\051}{subsection.4.1.2}% 47
\BOOKMARK [3][-]{subsubsection.4.1.2.35}{\376\377\0004\000.\0001\000.\0002\000.\0003\0005\000\040\000D\000i\000s\000p\000l\000a\000y\000\137\000g\000e\000t\000R\000o\000t\000a\000t\000i\000o\000n\000\050\000\051}{subsection.4.1.2}% 48
\BOOKMARK [3][-]{subsubsection.4.1.2.36}{\376\377\0004\000.\0001\000.\0002\000.\0003\0006\000\040\000D\000i\000s\000p\000l\000a\000y\000\137\000g\000e\000t\000T\000e\000x\000t\000B\000o\000u\000n\000d\000s\000\050\000\051}{subsection.4.1.2}% 49
\BOOKMARK [3][-]{subsubsection.4.1.2.37}{\376\377\0004\000.\0001\000.\0002\000.\0003\0007\000\040\000D\000i\000s\000p\000l\000a\000y\000\137\000h\000e\000i\000g\000h\000t\000\050\000\051}{subsection.4.1.2}% 50
\BOOKMARK [3][-]{subsubsection.4.1.2.38}{\376\377\0004\000.\0001\000.\0002\000.\0003\0008\000\040\000D\000i\000s\000p\000l\000a\000y\000\137\000i\000n\000i\000t\000\050\000\051}{subsection.4.1.2}% 51
\BOOKMARK [3][-]{subsubsection.4.1.2.39}{\376\377\0004\000.\0001\000.\0002\000.\0003\0009\000\040\000D\000i\000s\000p\000l\000a\000y\000\137\000i\000n\000v\000e\000r\000t\000D\000i\000s\000p\000l\000a\000y\000\050\000\051}{subsection.4.1.2}% 52
\BOOKMARK [3][-]{subsubsection.4.1.2.40}{\376\377\0004\000.\0001\000.\0002\000.\0004\0000\000\040\000D\000i\000s\000p\000l\000a\000y\000\137\000p\000r\000i\000n\000t\000\050\000\051}{subsection.4.1.2}% 53
\BOOKMARK [3][-]{subsubsection.4.1.2.41}{\376\377\0004\000.\0001\000.\0002\000.\0004\0001\000\040\000D\000i\000s\000p\000l\000a\000y\000\137\000p\000r\000i\000n\000t\000l\000n\000\050\000\051}{subsection.4.1.2}% 54
\BOOKMARK [3][-]{subsubsection.4.1.2.42}{\376\377\0004\000.\0001\000.\0002\000.\0004\0002\000\040\000D\000i\000s\000p\000l\000a\000y\000\137\000s\000e\000t\000A\000d\000d\000r\000W\000i\000n\000d\000o\000w\000\050\000\051}{subsection.4.1.2}% 55
\BOOKMARK [3][-]{subsubsection.4.1.2.43}{\376\377\0004\000.\0001\000.\0002\000.\0004\0003\000\040\000D\000i\000s\000p\000l\000a\000y\000\137\000s\000e\000t\000C\000u\000r\000s\000o\000r\000\050\000\051}{subsection.4.1.2}% 56
\BOOKMARK [3][-]{subsubsection.4.1.2.44}{\376\377\0004\000.\0001\000.\0002\000.\0004\0004\000\040\000D\000i\000s\000p\000l\000a\000y\000\137\000s\000e\000t\000F\000o\000n\000t\000\050\000\051}{subsection.4.1.2}% 57
\BOOKMARK [3][-]{subsubsection.4.1.2.45}{\376\377\0004\000.\0001\000.\0002\000.\0004\0005\000\040\000D\000i\000s\000p\000l\000a\000y\000\137\000s\000e\000t\000R\000o\000t\000a\000t\000i\000o\000n\000\050\000\051}{subsection.4.1.2}% 58
\BOOKMARK [3][-]{subsubsection.4.1.2.46}{\376\377\0004\000.\0001\000.\0002\000.\0004\0006\000\040\000D\000i\000s\000p\000l\000a\000y\000\137\000s\000e\000t\000T\000e\000x\000t\000C\000o\000l\000o\000r\000\050\000\051}{subsection.4.1.2}% 59
\BOOKMARK [3][-]{subsubsection.4.1.2.47}{\376\377\0004\000.\0001\000.\0002\000.\0004\0007\000\040\000D\000i\000s\000p\000l\000a\000y\000\137\000s\000e\000t\000T\000e\000x\000t\000C\000o\000l\000o\000r\000W\000i\000t\000h\000B\000g\000\050\000\051}{subsection.4.1.2}% 60
\BOOKMARK [3][-]{subsubsection.4.1.2.48}{\376\377\0004\000.\0001\000.\0002\000.\0004\0008\000\040\000D\000i\000s\000p\000l\000a\000y\000\137\000s\000e\000t\000T\000e\000x\000t\000S\000i\000z\000e\000\050\000\051}{subsection.4.1.2}% 61
\BOOKMARK [3][-]{subsubsection.4.1.2.49}{\376\377\0004\000.\0001\000.\0002\000.\0004\0009\000\040\000D\000i\000s\000p\000l\000a\000y\000\137\000s\000e\000t\000T\000e\000x\000t\000W\000r\000a\000p\000\050\000\051}{subsection.4.1.2}% 62
\BOOKMARK [3][-]{subsubsection.4.1.2.50}{\376\377\0004\000.\0001\000.\0002\000.\0005\0000\000\040\000D\000i\000s\000p\000l\000a\000y\000\137\000w\000i\000d\000t\000h\000\050\000\051}{subsection.4.1.2}% 63
\BOOKMARK [1][-]{section.4.2}{\376\377\0004\000.\0002\000\040\000A\000d\000a\000f\000r\000u\000i\000t\000\137\000S\000T\0007\0007\0003\0005\000\137\000A\000P\000I\000.\000h}{chapter.4}% 64
\BOOKMARK [1][-]{section.4.3}{\376\377\0004\000.\0003\000\040\000C\000o\000r\000e\000/\000I\000n\000c\000/\000g\000r\000a\000p\000h\000i\000c\000s\000/\000A\000d\000a\000f\000r\000u\000i\000t\000\137\000T\000F\000T\000S\000h\000i\000e\000l\000d\0001\0008\000\137\000A\000P\000I\000.\000h\000\040\000F\000i\000l\000e\000\040\000R\000e\000f\000e\000r\000e\000n\000c\000e}{chapter.4}% 65
\BOOKMARK [2][-]{subsection.4.3.1}{\376\377\0004\000.\0003\000.\0001\000\040\000T\000y\000p\000e\000d\000e\000f\000\040\000D\000o\000c\000u\000m\000e\000n\000t\000a\000t\000i\000o\000n}{section.4.3}% 66
\BOOKMARK [3][-]{subsubsection.4.3.1.1}{\376\377\0004\000.\0003\000.\0001\000.\0001\000\040\000T\000F\000T\000S\000h\000i\000e\000l\000d\0001\0008\000\137\000H\000a\000n\000d\000l\000e}{subsection.4.3.1}% 67
\BOOKMARK [2][-]{subsection.4.3.2}{\376\377\0004\000.\0003\000.\0002\000\040\000F\000u\000n\000c\000t\000i\000o\000n\000\040\000D\000o\000c\000u\000m\000e\000n\000t\000a\000t\000i\000o\000n}{section.4.3}% 68
\BOOKMARK [3][-]{subsubsection.4.3.2.1}{\376\377\0004\000.\0003\000.\0002\000.\0001\000\040\000T\000F\000T\000S\000h\000i\000e\000l\000d\0001\0008\000\137\000b\000e\000g\000i\000n\000\050\000\051}{subsection.4.3.2}% 69
\BOOKMARK [3][-]{subsubsection.4.3.2.2}{\376\377\0004\000.\0003\000.\0002\000.\0002\000\040\000T\000F\000T\000S\000h\000i\000e\000l\000d\0001\0008\000\137\000c\000r\000e\000a\000t\000e\000\050\000\051}{subsection.4.3.2}% 70
\BOOKMARK [3][-]{subsubsection.4.3.2.3}{\376\377\0004\000.\0003\000.\0002\000.\0003\000\040\000T\000F\000T\000S\000h\000i\000e\000l\000d\0001\0008\000\137\000r\000e\000a\000d\000B\000u\000t\000t\000o\000n\000s\000\050\000\051}{subsection.4.3.2}% 71
\BOOKMARK [3][-]{subsubsection.4.3.2.4}{\376\377\0004\000.\0003\000.\0002\000.\0004\000\040\000T\000F\000T\000S\000h\000i\000e\000l\000d\0001\0008\000\137\000s\000e\000t\000B\000a\000c\000k\000l\000i\000g\000h\000t\000\050\000\051}{subsection.4.3.2}% 72
\BOOKMARK [3][-]{subsubsection.4.3.2.5}{\376\377\0004\000.\0003\000.\0002\000.\0005\000\040\000T\000F\000T\000S\000h\000i\000e\000l\000d\0001\0008\000\137\000s\000e\000t\000B\000a\000c\000k\000l\000i\000g\000h\000t\000F\000r\000e\000q\000\050\000\051}{subsection.4.3.2}% 73
\BOOKMARK [3][-]{subsubsection.4.3.2.6}{\376\377\0004\000.\0003\000.\0002\000.\0006\000\040\000T\000F\000T\000S\000h\000i\000e\000l\000d\0001\0008\000\137\000t\000f\000t\000R\000e\000s\000e\000t\000\050\000\051}{subsection.4.3.2}% 74
\BOOKMARK [1][-]{section.4.4}{\376\377\0004\000.\0004\000\040\000A\000d\000a\000f\000r\000u\000i\000t\000\137\000T\000F\000T\000S\000h\000i\000e\000l\000d\0001\0008\000\137\000A\000P\000I\000.\000h}{chapter.4}% 75
\BOOKMARK [0][-]{section*.8}{\376\377\000I\000n\000d\000e\000x}{}% 76
